2022-09-14 15:00:10,859 [INFO] courseservice.CourseServiceApplication {main} Starting CourseServiceApplication using Java 11.0.15 on hp with PID 17524 (C:\jeetendra-kumar\course-service\target\classes started by jeete in C:\jeetendra-kumar\course-service)
2022-09-14 15:00:10,880 [DEBUG] courseservice.CourseServiceApplication {main} Running with Spring Boot v2.7.3, Spring v5.3.22
2022-09-14 15:00:10,880 [INFO] courseservice.CourseServiceApplication {main} No active profile set, falling back to 1 default profile: "default"
2022-09-14 15:00:12,195 [INFO] org.springframework.data.repository.config.RepositoryConfigurationDelegate {main} Bootstrapping Spring Data JPA repositories in DEFAULT mode.
2022-09-14 15:00:12,258 [INFO] org.springframework.data.repository.config.RepositoryConfigurationDelegate {main} Finished Spring Data repository scanning in 48 ms. Found 1 JPA repository interfaces.
2022-09-14 15:00:13,359 [INFO] org.springframework.boot.web.embedded.tomcat.TomcatWebServer {main} Tomcat initialized with port(s): 8080 (http)
2022-09-14 15:00:13,390 [INFO] org.apache.catalina.core.StandardService {main} Starting service [Tomcat]
2022-09-14 15:00:13,390 [INFO] org.apache.catalina.core.StandardEngine {main} Starting Servlet engine: [Apache Tomcat/9.0.65]
2022-09-14 15:00:13,819 [INFO] org.apache.catalina.core.ContainerBase.[Tomcat].[localhost].[/] {main} Initializing Spring embedded WebApplicationContext
2022-09-14 15:00:13,820 [INFO] org.springframework.boot.web.servlet.context.ServletWebServerApplicationContext {main} Root WebApplicationContext: initialization completed in 2801 ms
2022-09-14 15:00:13,880 [INFO] com.zaxxer.hikari.HikariDataSource {main} HikariPool-1 - Starting...
2022-09-14 15:00:14,153 [INFO] com.zaxxer.hikari.HikariDataSource {main} HikariPool-1 - Start completed.
2022-09-14 15:00:14,166 [INFO] org.springframework.boot.autoconfigure.h2.H2ConsoleAutoConfiguration {main} H2 console available at '/h2-console'. Database available at 'jdbc:h2:mem:testdb'
2022-09-14 15:00:14,372 [INFO] org.hibernate.jpa.internal.util.LogHelper {main} HHH000204: Processing PersistenceUnitInfo [name: default]
2022-09-14 15:00:14,449 [INFO] org.hibernate.Version {main} HHH000412: Hibernate ORM core version 5.6.10.Final
2022-09-14 15:00:14,623 [INFO] org.hibernate.annotations.common.Version {main} HCANN000001: Hibernate Commons Annotations {5.1.2.Final}
2022-09-14 15:00:14,779 [INFO] org.hibernate.dialect.Dialect {main} HHH000400: Using dialect: org.hibernate.dialect.H2Dialect
2022-09-14 15:00:15,416 [INFO] org.hibernate.engine.transaction.jta.platform.internal.JtaPlatformInitiator {main} HHH000490: Using JtaPlatform implementation: [org.hibernate.engine.transaction.jta.platform.internal.NoJtaPlatform]
2022-09-14 15:00:15,424 [INFO] org.springframework.orm.jpa.LocalContainerEntityManagerFactoryBean {main} Initialized JPA EntityManagerFactory for persistence unit 'default'
2022-09-14 15:00:15,770 [WARN] org.springframework.boot.autoconfigure.orm.jpa.JpaBaseConfiguration$JpaWebConfiguration {main} spring.jpa.open-in-view is enabled by default. Therefore, database queries may be performed during view rendering. Explicitly configure spring.jpa.open-in-view to disable this warning
2022-09-14 15:00:16,125 [INFO] org.springframework.boot.web.embedded.tomcat.TomcatWebServer {main} Tomcat started on port(s): 8080 (http) with context path ''
2022-09-14 15:00:16,235 [INFO] courseservice.CourseServiceApplication {main} Started CourseServiceApplication in 6.409 seconds (JVM running for 7.513)
2022-09-14 15:00:26,310 [INFO] org.apache.catalina.core.ContainerBase.[Tomcat].[localhost].[/] {http-nio-8080-exec-1} Initializing Spring DispatcherServlet 'dispatcherServlet'
2022-09-14 15:00:26,312 [INFO] org.springframework.web.servlet.DispatcherServlet {http-nio-8080-exec-1} Initializing Servlet 'dispatcherServlet'
2022-09-14 15:00:26,314 [INFO] org.springframework.web.servlet.DispatcherServlet {http-nio-8080-exec-1} Completed initialization in 2 ms
2022-09-14 15:00:27,049 [INFO] courseservice.controller.CourseController {http-nio-8080-exec-1} CourseController::addCourse request payload {"name":"MICROSREVICE","trainerName":"jeetendra-","duration":"10","startDate":"12-08-2022","courseType":"LIVE","fees":5000.0,"description":"SPRING BOOT WITH MICRO","emailId":"jeetendrajava22@gmail.com","contact":"7987214632","certificateAvailable":false} 
2022-09-14 15:00:27,050 [INFO] courseservice.service.CourseService {http-nio-8080-exec-1} CourseService::onboardNewCourse method execution started
2022-09-14 15:00:27,214 [DEBUG] courseservice.service.CourseService {http-nio-8080-exec-1} course entity response from database {"courseId":1,"name":"MICROSREVICE","trainerName":"jeetendra-","duration":"10","startDate":1660262400000,"courseType":"LIVE","fees":5000.0,"description":"SPRING BOOT WITH MICRO","emailId":"jeetendrajava22@gmail.com","contact":"7987214632","certificateAvailable":false} 
2022-09-14 15:00:27,217 [DEBUG] courseservice.service.CourseService {http-nio-8080-exec-1} CourseService::onboardNewCourse method Response {"courseId":1,"name":"MICROSREVICE","trainerName":"jeetendra-","duration":"10","startDate":"12-08-2022","courseType":"LIVE","fees":5000.0,"description":"SPRING BOOT WITH MICRO","courseUniqueCode":"d4649bc9","emailId":"jeetendrajava22@gmail.com","contact":"7987214632","certificateAvailable":false}
2022-09-14 15:00:27,218 [INFO] courseservice.service.CourseService {http-nio-8080-exec-1} CourseService::onboardNewCourse method execution ended
2022-09-14 15:00:27,230 [INFO] courseservice.controller.CourseController {http-nio-8080-exec-1} CourseController::addCourse response {"status":"OK","response":{"courseId":1,"name":"MICROSREVICE","trainerName":"jeetendra-","duration":"10","startDate":"12-08-2022","courseType":"LIVE","fees":5000.0,"description":"SPRING BOOT WITH MICRO","courseUniqueCode":"d4649bc9","emailId":"jeetendrajava22@gmail.com","contact":"7987214632","certificateAvailable":false},"error":null}
2022-09-14 15:52:46,681 [WARN] com.zaxxer.hikari.pool.HikariPool {HikariPool-1 housekeeper} HikariPool-1 - Thread starvation or clock leap detected (housekeeper delta=19m1s925ms826µs500ns).
2022-09-14 15:55:53,753 [INFO] org.springframework.orm.jpa.LocalContainerEntityManagerFactoryBean {SpringApplicationShutdownHook} Closing JPA EntityManagerFactory for persistence unit 'default'
2022-09-14 15:55:53,753 [INFO] org.hibernate.tool.schema.internal.SchemaDropperImpl$DelayedDropActionImpl {SpringApplicationShutdownHook} HHH000477: Starting delayed evictData of schema as part of SessionFactory shut-down'
2022-09-14 15:55:53,828 [INFO] com.zaxxer.hikari.HikariDataSource {SpringApplicationShutdownHook} HikariPool-1 - Shutdown initiated...
2022-09-14 15:55:53,832 [INFO] com.zaxxer.hikari.HikariDataSource {SpringApplicationShutdownHook} HikariPool-1 - Shutdown completed.
